<?xml version="1.0" encoding="UTF-8"?>
<!-- Generated by org.testng.reporters.JUnitReportReporter -->
<testsuite hostname="DESKTOP-FADL0SF" failures="0" tests="1" name="com.bridgelabz.qa.api.json.automation.Json_server_Api_Automation_Testing_Test" time="1.381" errors="0" timestamp="2023-01-04T18:17:27 IST" skipped="0">
  <testcase classname="com.bridgelabz.qa.api.json.automation.Json_server_Api_Automation_Testing_Test" name="get_Profile" time="1.381"/>
  <system-out/>
</testsuite> <!-- com.bridgelabz.qa.api.json.automation.Json_server_Api_Automation_Testing_Test -->
